<?xml version="1.0" encoding="UTF-8"?>
<testsuite xmlns:xsi="http://www.w3.org/2001/XMLSchema-instance" xsi:noNamespaceSchemaLocation="https://maven.apache.org/surefire/maven-surefire-plugin/xsd/surefire-test-report-3.0.xsd" version="3.0" name="TestSuite" time="23.776" tests="6" errors="0" skipped="0" failures="0">
  <properties>
[...]
</properties>
  <testcase name="deleteBook" classname="test.API_Delete_Request" time="1.962">
    <system-err><![CDATA[SLF4J: Failed to load class "org.slf4j.impl.StaticLoggerBinder".
SLF4J: Defaulting to no-operation (NOP) logger implementation
SLF4J: See http://www.slf4j.org/codes.html#StaticLoggerBinder for further details.
]]></system-err>
  </testcase>
  <testcase name="getBook" classname="test.API_Get_Request" time="2.347">
    <system-out><![CDATA[{
    "firstname": "Sally",
    "lastname": "Smith",
    "totalprice": 797,
    "depositpaid": true,
    "bookingdates": {
        "checkin": "2017-12-17",
        "checkout": "2019-11-22"
    }
}
]]></system-out>
  </testcase>
  <testcase name="getBooks" classname="test.API_Get_Request" time="14.174">
    <system-out><![CDATA[{
    "firstname": "Sally",
    "additionalneeds": "Breakfast",
    "bookingdates": {
        "checkin": "2018-01-29",
        "checkout": "2020-01-17"
    },
    "totalprice": 889,
    "depositpaid": true,
    "bookingid": 1,
    "lastname": "Brown"
}
{
    "firstname": "Susan",
    "bookingdates": {
        "checkin": "2020-04-05",
        "checkout": "2022-02-16"
    },
    "totalprice": 562,
    "depositpaid": false,
    "bookingid": 2,
    "lastname": "Brown"
}
{
    "firstname": "Mary",
    "bookingdates": {
        "checkin": "2018-05-14",
        "checkout": "2018-08-12"
    },
    "totalprice": 372,
    "depositpaid": true,
    "bookingid": 3,
    "lastname": "Smith"
}
{
    "firstname": "Sally",
    "bookingdates": {
        "checkin": "2017-12-17",
        "checkout": "2019-11-22"
    },
    "totalprice": 797,
    "depositpaid": true,
    "bookingid": 5,
    "lastname": "Smith"
}
{
    "firstname": "Susan",
    "additionalneeds": "Breakfast",
    "bookingdates": {
        "checkin": "2018-12-17",
        "checkout": "2021-09-04"
    },
    "totalprice": 188,
    "depositpaid": true,
    "bookingid": 6,
    "lastname": "Smith"
}
{
    "firstname": "Mary",
    "additionalneeds": "Breakfast",
    "bookingdates": {
        "checkin": "2017-07-29",
        "checkout": "2017-08-23"
    },
    "totalprice": 120,
    "depositpaid": false,
    "bookingid": 7,
    "lastname": "Jackson"
}
{
    "firstname": "Sally",
    "additionalneeds": "Breakfast",
    "bookingdates": {
        "checkin": "2018-09-17",
        "checkout": "2022-03-08"
    },
    "totalprice": 914,
    "depositpaid": false,
    "bookingid": 8,
    "lastname": "Ericsson"
}
{
    "firstname": "Mary",
    "additionalneeds": "Breakfast",
    "bookingdates": {
        "checkin": "2015-05-11",
        "checkout": "2015-05-17"
    },
    "totalprice": 252,
    "depositpaid": true,
    "bookingid": 9,
    "lastname": "Brown"
}
{
    "firstname": "Sally",
    "bookingdates": {
        "checkin": "2016-07-13",
        "checkout": "2019-12-02"
    },
    "totalprice": 242,
    "depositpaid": true,
    "bookingid": 10,
    "lastname": "Smith"
}
]]></system-out>
  </testcase>
  <testcase name="updateBookWithPatch" classname="test.API_Patch_Request" time="1.732">
    <system-out><![CDATA[{
    "firstname": "Sally",
    "lastname": "Brown",
    "totalprice": 889,
    "depositpaid": true,
    "bookingdates": {
        "checkin": "2018-01-29",
        "checkout": "2020-01-17"
    },
    "additionalneeds": "Breakfast"
}
{
    "firstname": "Annabel",
    "lastname": "Hilpert",
    "totalprice": 374,
    "depositpaid": true,
    "bookingdates": {
        "checkin": "2022-12-19",
        "checkout": "2023-01-01"
    },
    "additionalneeds": "Breakfast"
}
]]></system-out>
  </testcase>
  <testcase name="createBook" classname="test.API_Post_Request" time="0.719">
    <system-out><![CDATA[{
    "bookingid": 4847,
    "booking": {
        "firstname": "Sidney",
        "lastname": "Luettgen",
        "totalprice": 1751,
        "depositpaid": true,
        "bookingdates": {
            "checkin": "2022-12-19",
            "checkout": "2023-01-03"
        },
        "additionalneeds": "Breakfast"
    }
}
]]></system-out>
  </testcase>
  <testcase name="updateBook" classname="test.API_Put_Request" time="1.524">
    <system-out><![CDATA[{
    "firstname": "Annabel",
    "lastname": "Hilpert",
    "totalprice": 374,
    "depositpaid": true,
    "bookingdates": {
        "checkin": "2022-12-19",
        "checkout": "2023-01-01"
    },
    "additionalneeds": "Breakfast"
}
{
    "firstname": "Frankie",
    "lastname": "Weber",
    "totalprice": 1816,
    "depositpaid": true,
    "bookingdates": {
        "checkin": "2022-12-24",
        "checkout": "2023-01-05"
    },
    "additionalneeds": "Breakfast"
}
]]></system-out>
  </testcase>
</testsuite>