<?xml version="1.0" encoding="UTF-8"?>
<testng-results ignored="0" total="6" passed="6" failed="0" skipped="0">
  <reporter-output>
  </reporter-output>
  <suite started-at="2023-01-01T18:49:50 TRT" name="All Test Suite" finished-at="2023-01-01T18:50:13 TRT" duration-ms="23198">
    <groups>
    </groups>
    <test started-at="2023-01-01T18:49:50 TRT" name="C:/Users/Bilal/IdeaProjects/Restful-Booker_With_Rest_Assured/src/test/java/test" finished-at="2023-01-01T18:50:13 TRT" duration-ms="23198">
      <class name="test.API_Post_Request">
        <test-method signature="createBook()[pri:0, instance:test.API_Post_Request@3c407114]" started-at="2023-01-01T18:50:11 TRT" name="createBook" finished-at="2023-01-01T18:50:11 TRT" duration-ms="718" status="PASS">
          <reporter-output>
          </reporter-output>
        </test-method> <!-- createBook -->
        <test-method is-config="true" signature="setUp()[pri:0, instance:test.API_Post_Request@3c407114]" started-at="2023-01-01T18:50:11 TRT" name="setUp" finished-at="2023-01-01T18:50:11 TRT" duration-ms="0" status="PASS">
          <reporter-output>
          </reporter-output>
        </test-method> <!-- setUp -->
      </class> <!-- test.API_Post_Request -->
      <class name="test.API_Delete_Request">
        <test-method is-config="true" signature="setUp()[pri:0, instance:test.API_Delete_Request@10e41621]" started-at="2023-01-01T18:49:50 TRT" name="setUp" finished-at="2023-01-01T18:49:51 TRT" duration-ms="698" status="PASS">
          <reporter-output>
          </reporter-output>
        </test-method> <!-- setUp -->
        <test-method signature="deleteBook()[pri:0, instance:test.API_Delete_Request@10e41621]" started-at="2023-01-01T18:49:51 TRT" name="deleteBook" finished-at="2023-01-01T18:49:52 TRT" duration-ms="1963" status="PASS">
          <reporter-output>
          </reporter-output>
        </test-method> <!-- deleteBook -->
      </class> <!-- test.API_Delete_Request -->
      <class name="test.API_Patch_Request">
        <test-method is-config="true" signature="setUp()[pri:0, instance:test.API_Patch_Request@41fbdac4]" started-at="2023-01-01T18:50:09 TRT" name="setUp" finished-at="2023-01-01T18:50:09 TRT" duration-ms="1" status="PASS">
          <reporter-output>
          </reporter-output>
        </test-method> <!-- setUp -->
        <test-method signature="updateBookWithPatch()[pri:0, instance:test.API_Patch_Request@41fbdac4]" started-at="2023-01-01T18:50:09 TRT" name="updateBookWithPatch" finished-at="2023-01-01T18:50:11 TRT" duration-ms="1732" status="PASS">
          <reporter-output>
          </reporter-output>
        </test-method> <!-- updateBookWithPatch -->
      </class> <!-- test.API_Patch_Request -->
      <class name="test.API_Get_Request">
        <test-method is-config="true" signature="setUp()[pri:0, instance:test.API_Get_Request@647e447]" started-at="2023-01-01T18:49:52 TRT" name="setUp" finished-at="2023-01-01T18:49:52 TRT" duration-ms="0" status="PASS">
          <reporter-output>
          </reporter-output>
        </test-method> <!-- setUp -->
        <test-method signature="getBook()[pri:0, instance:test.API_Get_Request@647e447]" started-at="2023-01-01T18:49:52 TRT" name="getBook" finished-at="2023-01-01T18:49:55 TRT" duration-ms="2345" status="PASS">
          <reporter-output>
          </reporter-output>
        </test-method> <!-- getBook -->
        <test-method is-config="true" signature="setUp()[pri:0, instance:test.API_Get_Request@647e447]" started-at="2023-01-01T18:49:55 TRT" name="setUp" finished-at="2023-01-01T18:49:55 TRT" duration-ms="1" status="PASS">
          <reporter-output>
          </reporter-output>
        </test-method> <!-- setUp -->
        <test-method signature="getBooks()[pri:0, instance:test.API_Get_Request@647e447]" started-at="2023-01-01T18:49:55 TRT" name="getBooks" finished-at="2023-01-01T18:50:09 TRT" duration-ms="14174" status="PASS">
          <reporter-output>
          </reporter-output>
        </test-method> <!-- getBooks -->
      </class> <!-- test.API_Get_Request -->
      <class name="test.API_Put_Request">
        <test-method is-config="true" signature="setUp()[pri:0, instance:test.API_Put_Request@35ef1869]" started-at="2023-01-01T18:50:11 TRT" name="setUp" finished-at="2023-01-01T18:50:11 TRT" duration-ms="1" status="PASS">
          <reporter-output>
          </reporter-output>
        </test-method> <!-- setUp -->
        <test-method signature="updateBook()[pri:0, instance:test.API_Put_Request@35ef1869]" started-at="2023-01-01T18:50:11 TRT" name="updateBook" finished-at="2023-01-01T18:50:13 TRT" duration-ms="1523" status="PASS">
          <reporter-output>
          </reporter-output>
        </test-method> <!-- updateBook -->
      </class> <!-- test.API_Put_Request -->
    </test> <!-- C:/Users/Bilal/IdeaProjects/Restful-Booker_With_Rest_Assured/src/test/java/test -->
  </suite> <!-- All Test Suite -->
</testng-results>
